<?xml version="1.0" encoding="UTF-8"?>
<!-- Generated by org.testng.reporters.JUnitReportReporter -->
<testsuite hostname="DESKTOP-E115GFV" failures="0" tests="2" name="api.test.User_Test" time="7.127" errors="0" timestamp="2025-09-08T16:29:06 IST" skipped="0">
  <testcase classname="api.test.User_Test" name="testPostUser" time="5.422"/>
  <system-out/>
  <testcase classname="api.test.User_Test" name="testGetUserByName" time="1.705"/>
  <system-out/>
</testsuite> <!-- api.test.User_Test -->
