<?xml version="1.0" encoding="UTF-8"?>
<!-- Generated by org.testng.reporters.JUnitReportReporter -->
<testsuite hostname="DESKTOP-E115GFV" failures="0" tests="4" name="api.test.User_Test" time="12.707" errors="0" timestamp="2025-09-09T12:24:24 IST" skipped="0">
  <testcase classname="api.test.User_Test" name="testPostUser" time="6.146"/>
  <system-out/>
  <testcase classname="api.test.User_Test" name="testGetUserByName" time="1.609"/>
  <system-out/>
  <testcase classname="api.test.User_Test" name="testUpdateUserByName" time="3.285"/>
  <system-out/>
  <testcase classname="api.test.User_Test" name="testDeleteUserByName" time="1.667"/>
  <system-out/>
</testsuite> <!-- api.test.User_Test -->
